<?xml version="1.0" encoding="UTF-8"?>
<robot generator="Robot 7.2.2 (Python 3.11.0 on win32)" generated="2025-05-26T20:18:08.237721" rpa="false" schemaversion="5">
<suite id="s1" name="Testes Api" source="C:\Users\erick\OneDrive\Documentos\GitHub\S.A.C.O\testes_api.robot">
<test id="s1-t1" name="Cadastro e Login de Usuário com Sucesso" line="43">
<kw name="Gerar Email Único">
<kw name="Evaluate" owner="BuiltIn">
<msg time="2025-05-26T20:18:08.526958" level="INFO">${uuid} = 973291</msg>
<var>${uuid}</var>
<arg>__import__('uuid').uuid4().hex[:6]</arg>
<doc>Evaluates the given expression in Python and returns the result.</doc>
<status status="PASS" start="2025-05-26T20:18:08.523075" elapsed="0.003883"/>
</kw>
<kw name="Set Variable" owner="BuiltIn">
<msg time="2025-05-26T20:18:08.526958" level="INFO">${email} = robot_973291@example.com</msg>
<var>${email}</var>
<arg>robot_${uuid}@example.com</arg>
<doc>Returns the given values which can then be assigned to a variables.</doc>
<status status="PASS" start="2025-05-26T20:18:08.526958" elapsed="0.000000"/>
</kw>
<return>
<value>${email}</value>
<status status="PASS" start="2025-05-26T20:18:08.526958" elapsed="0.001003"/>
</return>
<msg time="2025-05-26T20:18:08.527961" level="INFO">${EMAIL} = robot_973291@example.com</msg>
<var>${EMAIL}</var>
<status status="PASS" start="2025-05-26T20:18:08.522054" elapsed="0.005907"/>
</kw>
<kw name="Create Session" owner="RequestsLibrary">
<msg time="2025-05-26T20:18:08.527961" level="INFO">Creating Session using : alias=api, url=http://localhost:8000, headers={},                     cookies={}, auth=None, timeout=None, proxies=None, verify=False,                     debug=0 </msg>
<arg>api</arg>
<arg>${BASE_URL}</arg>
<doc>Create Session: create a HTTP session to a server</doc>
<status status="PASS" start="2025-05-26T20:18:08.527961" elapsed="0.000000"/>
</kw>
<kw name="Cadastrar Novo Usuário">
<kw name="Create Dictionary" owner="BuiltIn">
<msg time="2025-05-26T20:18:08.529145" level="INFO">${dados} = {'nome': 'Robot Teste', 'email': 'robot_973291@example.com', 'senha': '123456'}</msg>
<var>${dados}</var>
<arg>nome=${nome}</arg>
<arg>email=${email}</arg>
<arg>senha=${senha}</arg>
<doc>Creates and returns a dictionary based on the given ``items``.</doc>
<status status="PASS" start="2025-05-26T20:18:08.529145" elapsed="0.000000"/>
</kw>
<kw name="POST On Session" owner="RequestsLibrary">
<msg time="2025-05-26T20:18:10.906262" level="INFO">POST Request : url=http://localhost:8000/usuarios/cadastro 
 path_url=/usuarios/cadastro 
 headers={'User-Agent': 'python-requests/2.32.3', 'Accept-Encoding': 'gzip, deflate', 'Accept': '*/*', 'Connection': 'keep-alive', 'Content-Length': '79', 'Content-Type': 'application/json'} 
 body=b'{"nome": "Robot Teste", "email": "robot_973291@example.com", "senha": "123456"}' 
 </msg>
<msg time="2025-05-26T20:18:10.906262" level="INFO">POST Response : url=http://localhost:8000/usuarios/cadastro 
 status=200, reason=OK 
 headers={'date': 'Mon, 26 May 2025 23:18:09 GMT', 'server': 'uvicorn', 'content-length': '65', 'content-type': 'application/json'} 
 body={"id":24,"nome":"Robot Teste","email":"robot_973291@example.com"} 
 </msg>
<msg time="2025-05-26T20:18:10.906262" level="INFO">${resposta} = &lt;Response [200]&gt;</msg>
<var>${resposta}</var>
<arg>api</arg>
<arg>/usuarios/cadastro</arg>
<arg>json=${dados}</arg>
<doc>Sends a POST request on a previously created HTTP Session.</doc>
<status status="PASS" start="2025-05-26T20:18:08.529145" elapsed="2.377117"/>
</kw>
<kw name="Log" owner="BuiltIn">
<msg time="2025-05-26T20:18:10.907265" level="INFO">STATUS: 200</msg>
<arg>STATUS: ${resposta.status_code}</arg>
<doc>Logs the given message with the given level.</doc>
<status status="PASS" start="2025-05-26T20:18:10.906262" elapsed="0.001003"/>
</kw>
<kw name="Log" owner="BuiltIn">
<msg time="2025-05-26T20:18:10.907265" level="INFO">BODY: {"id":24,"nome":"Robot Teste","email":"robot_973291@example.com"}</msg>
<arg>BODY: ${resposta.content}</arg>
<doc>Logs the given message with the given level.</doc>
<status status="PASS" start="2025-05-26T20:18:10.907265" elapsed="0.000000"/>
</kw>
<kw name="Should Be Equal As Strings" owner="BuiltIn">
<msg time="2025-05-26T20:18:10.908772" level="INFO">Argument types are:
&lt;class 'int'&gt;
&lt;class 'str'&gt;</msg>
<arg>${resposta.status_code}</arg>
<arg>200</arg>
<doc>Fails if objects are unequal after converting them to strings.</doc>
<status status="PASS" start="2025-05-26T20:18:10.907265" elapsed="0.001507"/>
</kw>
<return>
<value>${resposta}</value>
<status status="PASS" start="2025-05-26T20:18:10.908772" elapsed="0.000000"/>
</return>
<arg>${EMAIL}</arg>
<arg>${NOME}</arg>
<arg>${SENHA}</arg>
<status status="PASS" start="2025-05-26T20:18:08.527961" elapsed="2.380811"/>
</kw>
<kw name="Logar Usuário">
<kw name="Create Dictionary" owner="BuiltIn">
<msg time="2025-05-26T20:18:10.911077" level="INFO">${dados} = {'email': 'robot_973291@example.com', 'senha': '123456'}</msg>
<var>${dados}</var>
<arg>email=${email}</arg>
<arg>senha=${senha}</arg>
<doc>Creates and returns a dictionary based on the given ``items``.</doc>
<status status="PASS" start="2025-05-26T20:18:10.909777" elapsed="0.001300"/>
</kw>
<kw name="POST On Session" owner="RequestsLibrary">
<msg time="2025-05-26T20:18:11.224084" level="INFO">POST Request : url=http://localhost:8000/usuarios/login 
 path_url=/usuarios/login 
 headers={'User-Agent': 'python-requests/2.32.3', 'Accept-Encoding': 'gzip, deflate', 'Accept': '*/*', 'Connection': 'keep-alive', 'Content-Length': '56', 'Content-Type': 'application/json'} 
 body=b'{"email": "robot_973291@example.com", "senha": "123456"}' 
 </msg>
<msg time="2025-05-26T20:18:11.224084" level="INFO">POST Response : url=http://localhost:8000/usuarios/login 
 status=200, reason=OK 
 headers={'date': 'Mon, 26 May 2025 23:18:09 GMT', 'server': 'uvicorn', 'content-length': '190', 'content-type': 'application/json'} 
 body={"access_token":"eyJhbGciOiJIUzI1NiIsInR5cCI6IkpXVCJ9.eyJzdWIiOiJyb2JvdF85NzMyOTFAZXhhbXBsZS5jb20iLCJleHAiOjE3NDgzMDUwOTF9.BU8gMjs_9maszMJueEszlF15C5_KowRYlMoQBqIZSnM","token_type":"bearer"} 
 </msg>
<msg time="2025-05-26T20:18:11.224084" level="INFO">${resposta} = &lt;Response [200]&gt;</msg>
<var>${resposta}</var>
<arg>api</arg>
<arg>/usuarios/login</arg>
<arg>json=${dados}</arg>
<doc>Sends a POST request on a previously created HTTP Session.</doc>
<status status="PASS" start="2025-05-26T20:18:10.911077" elapsed="0.313007"/>
</kw>
<kw name="Log" owner="BuiltIn">
<msg time="2025-05-26T20:18:11.225124" level="INFO">STATUS: 200</msg>
<arg>STATUS: ${resposta.status_code}</arg>
<doc>Logs the given message with the given level.</doc>
<status status="PASS" start="2025-05-26T20:18:11.225124" elapsed="0.000000"/>
</kw>
<kw name="Log" owner="BuiltIn">
<msg time="2025-05-26T20:18:11.226129" level="INFO">BODY: {"access_token":"eyJhbGciOiJIUzI1NiIsInR5cCI6IkpXVCJ9.eyJzdWIiOiJyb2JvdF85NzMyOTFAZXhhbXBsZS5jb20iLCJleHAiOjE3NDgzMDUwOTF9.BU8gMjs_9maszMJueEszlF15C5_KowRYlMoQBqIZSnM","token_type":"bearer"}</msg>
<arg>BODY: ${resposta.content}</arg>
<doc>Logs the given message with the given level.</doc>
<status status="PASS" start="2025-05-26T20:18:11.226129" elapsed="0.001005"/>
</kw>
<kw name="Should Be Equal As Strings" owner="BuiltIn">
<msg time="2025-05-26T20:18:11.227134" level="INFO">Argument types are:
&lt;class 'int'&gt;
&lt;class 'str'&gt;</msg>
<arg>${resposta.status_code}</arg>
<arg>200</arg>
<doc>Fails if objects are unequal after converting them to strings.</doc>
<status status="PASS" start="2025-05-26T20:18:11.227134" elapsed="0.000000"/>
</kw>
<return>
<value>${resposta}</value>
<status status="PASS" start="2025-05-26T20:18:11.227134" elapsed="0.000000"/>
</return>
<msg time="2025-05-26T20:18:11.227134" level="INFO">${res_login} = &lt;Response [200]&gt;</msg>
<var>${res_login}</var>
<arg>${EMAIL}</arg>
<arg>${SENHA}</arg>
<status status="PASS" start="2025-05-26T20:18:10.909777" elapsed="0.317357"/>
</kw>
<kw name="Extrair Token de Resposta">
<kw name="Evaluate" owner="BuiltIn">
<msg time="2025-05-26T20:18:11.229191" level="INFO">${json} = {'access_token': 'eyJhbGciOiJIUzI1NiIsInR5cCI6IkpXVCJ9.eyJzdWIiOiJyb2JvdF85NzMyOTFAZXhhbXBsZS5jb20iLCJleHAiOjE3NDgzMDUwOTF9.BU8gMjs_9maszMJueEszlF15C5_KowRYlMoQBqIZSnM', 'token_type': 'bearer'}</msg>
<var>${json}</var>
<arg>__import__('json').loads("""${resposta.content.decode("utf-8")}""")</arg>
<doc>Evaluates the given expression in Python and returns the result.</doc>
<status status="PASS" start="2025-05-26T20:18:11.229191" elapsed="0.000000"/>
</kw>
<kw name="Dictionary Should Contain Key" owner="Collections">
<arg>${json}</arg>
<arg>access_token</arg>
<doc>Fails if ``key`` is not found from ``dictionary``.</doc>
<status status="PASS" start="2025-05-26T20:18:11.230378" elapsed="0.000000"/>
</kw>
<kw name="Dictionary Should Contain Key" owner="Collections">
<arg>${json}</arg>
<arg>token_type</arg>
<doc>Fails if ``key`` is not found from ``dictionary``.</doc>
<status status="PASS" start="2025-05-26T20:18:11.230378" elapsed="0.000000"/>
</kw>
<return>
<value>${json}</value>
<status status="PASS" start="2025-05-26T20:18:11.230378" elapsed="0.000000"/>
</return>
<msg time="2025-05-26T20:18:11.230378" level="INFO">${token_json} = {'access_token': 'eyJhbGciOiJIUzI1NiIsInR5cCI6IkpXVCJ9.eyJzdWIiOiJyb2JvdF85NzMyOTFAZXhhbXBsZS5jb20iLCJleHAiOjE3NDgzMDUwOTF9.BU8gMjs_9maszMJueEszlF15C5_KowRYlMoQBqIZSnM', 'token_type': 'bearer'}</msg>
<var>${token_json}</var>
<arg>${res_login}</arg>
<status status="PASS" start="2025-05-26T20:18:11.227134" elapsed="0.003244"/>
</kw>
<status status="PASS" start="2025-05-26T20:18:08.522054" elapsed="2.709327"/>
</test>
<status status="PASS" start="2025-05-26T20:18:08.240729" elapsed="2.990652"/>
</suite>
<statistics>
<total>
<stat pass="1" fail="0" skip="0">All Tests</stat>
</total>
<tag>
</tag>
<suite>
<stat name="Testes Api" id="s1" pass="1" fail="0" skip="0">Testes Api</stat>
</suite>
</statistics>
<errors>
</errors>
</robot>
